<?xml version="1.0" encoding="UTF-8"?>
<testng-results skipped="0" failed="0" ignored="0" total="2" passed="2">
  <reporter-output>
    <line>
      <![CDATA[it passed]]>
    </line>
    <line>
      <![CDATA[demo@techfios.com]]>
    </line>
    <line>
      <![CDATA[it passed]]>
    </line>
  </reporter-output>
  <suite name="TestSuite" duration-ms="46978" started-at="2020-11-24T18:35:50 CST" finished-at="2020-11-24T18:36:37 CST">
    <groups>
    </groups>
    <test name="Customertest" duration-ms="46978" started-at="2020-11-24T18:35:50 CST" finished-at="2020-11-24T18:36:37 CST">
      <class name="Test.CustomerTest">
        <test-method status="PASS" signature="launchbrowser()[pri:0, instance:Test.CustomerTest@517cd4b]" name="launchbrowser" is-config="true" duration-ms="9947" started-at="2020-11-24T18:35:50 CST" finished-at="2020-11-24T18:36:00 CST">
          <reporter-output>
            <line>
              <![CDATA[it passed]]>
            </line>
          </reporter-output>
        </test-method> <!-- launchbrowser -->
        <test-method status="PASS" signature="logincust(java.lang.String, java.lang.String)[pri:0, instance:Test.CustomerTest@517cd4b]" name="logincust" duration-ms="2537" started-at="2020-11-24T18:36:00 CST" finished-at="2020-11-24T18:36:02 CST">
          <params>
            <param index="0">
              <value>
                <![CDATA[demo@techfios.com]]>
              </value>
            </param>
            <param index="1">
              <value>
                <![CDATA[abc123]]>
              </value>
            </param>
          </params>
          <reporter-output>
            <line>
              <![CDATA[demo@techfios.com]]>
            </line>
          </reporter-output>
        </test-method> <!-- logincust -->
        <test-method status="PASS" signature="addcustomer(java.lang.String, java.lang.String, java.lang.String, java.lang.String, java.lang.String, java.lang.String, java.lang.String, java.lang.String)[pri:0, instance:Test.CustomerTest@517cd4b]" name="addcustomer" duration-ms="34381" started-at="2020-11-24T18:36:02 CST" depends-on-methods="Test.CustomerTest.logincust" finished-at="2020-11-24T18:36:37 CST">
          <params>
            <param index="0">
              <value>
                <![CDATA[jyoti]]>
              </value>
            </param>
            <param index="1">
              <value>
                <![CDATA[Techfios]]>
              </value>
            </param>
            <param index="2">
              <value>
                <![CDATA[jyoti@gmail.com]]>
              </value>
            </param>
            <param index="3">
              <value>
                <![CDATA[214-550-0949]]>
              </value>
            </param>
            <param index="4">
              <value>
                <![CDATA[75038,meadowcreek,macathur]]>
              </value>
            </param>
            <param index="5">
              <value>
                <![CDATA[Irving]]>
              </value>
            </param>
            <param index="6">
              <value>
                <![CDATA[texas]]>
              </value>
            </param>
            <param index="7">
              <value>
                <![CDATA[75038]]>
              </value>
            </param>
          </params>
          <reporter-output>
            <line>
              <![CDATA[it passed]]>
            </line>
          </reporter-output>
        </test-method> <!-- addcustomer -->
      </class> <!-- Test.CustomerTest -->
    </test> <!-- Customertest -->
  </suite> <!-- TestSuite -->
</testng-results>
