<?xml version="1.0" encoding="UTF-8"?>
<!-- Generated by org.testng.reporters.JUnitXMLReporter -->
<testsuite hostname="Jyoti-computer" ignored="0" name="CustomerPage" tests="1" failures="1" timestamp="11 Aug 2020 20:17:58 GMT" time="0.011" errors="0">
  <testcase name="addcustomer" time="0.0" classname="Test.CustomerTest">
    <failure type="org.testng.TestNGException" message="
Method addcustomer requires 10 parameters but 8 were supplied in the @Test annotation.">
      <![CDATA[org.testng.TestNGException: 
Method addcustomer requires 10 parameters but 8 were supplied in the @Test annotation.
... Removed 24 stack frames]]>
    </failure>
  </testcase> <!-- addcustomer -->
</testsuite> <!-- CustomerPage -->
