<?xml version="1.0" encoding="UTF-8"?>
<!-- Generated by org.testng.reporters.JUnitXMLReporter -->
<testsuite hostname="Jyoti-computer" ignored="0" name="Login" tests="1" failures="1" timestamp="22 Aug 2020 19:52:43 GMT" time="12.001" errors="0">
  <testcase name="addcustomer" time="0.0" classname="Test.CustomerTest">
    <failure type="org.testng.TestNGException" message="
Parameter &amp;apos;Name&amp;apos; is required by @Test on method addcustomer but has not been marked @Optional or defined
in C:\Users\Jyoti\eclipse-workspace\spring2020\Homework_weebely_Xmml\Data\login.xml">
      <![CDATA[org.testng.TestNGException: 
Parameter 'Name' is required by @Test on method addcustomer but has not been marked @Optional or defined
in C:\Users\Jyoti\eclipse-workspace\spring2020\Homework_weebely_Xmml\Data\login.xml
... Removed 24 stack frames]]>
    </failure>
  </testcase> <!-- addcustomer -->
</testsuite> <!-- Login -->
